SF:lib\core\errors\server_exception.dart
DA:4,2
LF:1
LH:1
end_of_record
SF:lib\data\datasources\remote\movie_remote_data_source_impl.dart
DA:15,1
DA:17,1
DA:20,3
DA:21,2
DA:22,2
DA:23,1
DA:24,3
DA:25,1
DA:28,0
DA:32,1
DA:34,1
DA:35,2
DA:36,2
DA:37,2
DA:38,1
DA:39,3
DA:40,1
DA:43,1
DA:47,1
DA:49,1
DA:50,3
DA:51,2
DA:52,2
DA:53,1
DA:54,3
DA:55,1
DA:58,0
LF:27
LH:25
end_of_record
SF:lib\data\models\movie_model.dart
DA:4,2
DA:10,1
DA:11,1
DA:12,1
DA:13,1
DA:14,1
DA:15,1
DA:19,1
DA:20,1
DA:21,4
LF:10
LH:10
end_of_record
SF:lib\domain\entities\movie_entity.dart
DA:8,6
DA:15,0
DA:18,0
DA:19,0
DA:20,0
DA:21,0
DA:22,0
DA:23,0
DA:25,0
DA:27,0
DA:29,0
DA:31,0
DA:34,0
DA:40,0
DA:41,0
DA:42,0
DA:43,0
DA:44,0
DA:48,0
DA:49,0
DA:50,0
DA:51,0
DA:52,0
DA:53,0
DA:57,0
DA:58,0
DA:59,0
DA:60,0
DA:61,0
DA:62,0
LF:30
LH:1
end_of_record
SF:lib\data\repositories\movie_repository_impl.dart
DA:13,1
DA:15,1
DA:19,2
DA:21,4
DA:22,1
DA:23,1
DA:24,2
DA:28,1
DA:32,2
DA:34,4
DA:35,1
DA:36,1
DA:37,2
DA:41,1
DA:45,2
DA:47,4
DA:48,1
DA:49,1
DA:50,2
LF:19
LH:19
end_of_record
SF:lib\domain\usecases\get_popular_movies_usecase.dart
DA:10,1
DA:12,1
DA:13,2
LF:3
LH:3
end_of_record
SF:lib\domain\usecases\get_trending_movies_usecase.dart
DA:10,1
DA:12,1
DA:13,2
LF:3
LH:3
end_of_record
SF:lib\domain\usecases\search_movies_usecase.dart
DA:10,1
DA:12,1
DA:13,2
LF:3
LH:3
end_of_record
SF:lib\main.dart
DA:3,0
DA:4,0
DA:8,2
DA:11,1
DA:13,1
DA:15,1
DA:31,1
DA:40,1
DA:53,1
DA:54,1
DA:60,1
DA:61,2
DA:67,2
DA:71,1
DA:79,1
DA:80,1
DA:84,3
DA:87,3
DA:89,1
DA:92,1
DA:107,1
DA:111,1
DA:112,2
DA:113,3
DA:118,1
DA:119,1
LF:26
LH:24
end_of_record
