SF:lib\core\constants\constants.dart
DA:4,1
DA:5,1
DA:6,1
DA:7,1
LF:4
LH:4
end_of_record
SF:lib\data\data_sources\remote_data_source.dart
DA:17,1
DA:18,1
DA:21,4
DA:22,2
DA:23,3
DA:25,1
LF:6
LH:6
end_of_record
SF:lib\data\models\weather_model.dart
DA:4,4
DA:12,2
DA:21,4
DA:22,2
DA:23,6
DA:24,6
DA:25,6
DA:26,4
DA:27,4
DA:28,4
DA:31,2
DA:32,1
DA:33,1
DA:34,1
DA:35,1
DA:36,1
DA:39,1
DA:40,1
DA:41,1
DA:42,1
DA:44,1
DA:47,4
DA:48,2
DA:49,2
DA:50,2
DA:51,2
DA:52,2
DA:53,2
DA:54,2
LF:29
LH:29
end_of_record
SF:lib\core\error\failure.dart
DA:4,3
DA:6,1
DA:9,0
DA:10,0
DA:11,0
DA:13,0
DA:14,0
DA:18,3
DA:22,2
DA:26,0
LF:10
LH:4
end_of_record
SF:lib\domain\entities\weather_entity.dart
DA:11,8
DA:21,4
DA:24,2
DA:25,6
DA:26,6
DA:27,6
DA:28,6
DA:29,6
DA:30,6
DA:31,6
DA:32,6
DA:34,0
DA:36,0
DA:37,0
DA:38,0
DA:39,0
DA:40,0
DA:41,0
DA:42,0
DA:44,0
DA:46,0
DA:49,0
DA:58,0
DA:59,0
DA:60,0
DA:61,0
DA:62,0
DA:63,0
DA:64,0
DA:65,0
DA:69,0
DA:70,0
DA:71,0
DA:72,0
DA:73,0
DA:74,0
DA:75,0
DA:76,0
DA:77,0
DA:81,0
DA:82,0
DA:83,0
DA:84,0
DA:85,0
DA:86,0
DA:87,0
DA:88,0
DA:89,0
LF:48
LH:11
end_of_record
SF:lib\domain\usecases\get_current_weather_usecase.dart
DA:10,1
DA:12,1
DA:13,2
LF:3
LH:3
end_of_record
SF:lib\data\repositories\weather_repository_impl.dart
DA:14,1
DA:15,1
DA:19,2
DA:20,2
DA:21,1
DA:23,1
LF:6
LH:6
end_of_record
SF:lib\presentation\bloc\weather_bloc.dart
DA:10,3
DA:11,1
DA:12,1
DA:13,2
DA:14,3
DA:15,5
DA:16,3
DA:18,1
DA:21,1
DA:22,3
LF:10
LH:10
end_of_record
SF:lib\presentation\bloc\weather_event.dart
DA:2,2
DA:8,2
DA:10,0
DA:13,0
DA:14,0
DA:15,0
DA:17,0
DA:18,0
LF:8
LH:2
end_of_record
SF:lib\presentation\bloc\weather_state.dart
DA:4,4
DA:6,1
DA:9,4
DA:11,0
DA:22,3
DA:24,1
DA:27,1
DA:28,3
DA:29,3
DA:31,0
DA:32,0
DA:38,2
DA:40,1
DA:43,1
DA:44,3
DA:45,3
DA:47,0
DA:48,0
LF:18
LH:13
end_of_record
SF:lib\presentation\pages\weather_page.dart
DA:10,1
DA:12,1
DA:14,1
DA:15,1
DA:23,1
DA:25,1
DA:27,1
DA:28,1
DA:30,1
DA:34,1
DA:36,1
DA:37,1
DA:39,1
DA:41,1
DA:42,3
DA:46,1
DA:47,1
DA:48,1
DA:53,1
DA:54,1
DA:56,1
DA:57,1
DA:59,1
DA:60,1
DA:61,2
DA:66,1
DA:67,1
DA:68,1
DA:69,2
DA:76,1
DA:77,5
DA:84,1
DA:86,1
DA:91,1
DA:92,2
DA:103,1
DA:105,1
DA:106,3
DA:115,2
DA:126,1
DA:128,1
DA:129,3
DA:137,2
DA:148,1
DA:150,1
DA:151,3
DA:165,1
DA:166,0
DA:167,0
DA:170,1
LF:50
LH:48
end_of_record
